0 info it worked if it ends with ok
1 verbose cli [ '/usr/local/bin/node', '/usr/local/bin/npm', 'run', 'test' ]
2 info using npm@4.0.2
3 info using node@v6.9.1
4 verbose run-script [ 'pretest', 'test', 'posttest' ]
5 info lifecycle an-outlandish-mean-app@1.0.0~pretest: an-outlandish-mean-app@1.0.0
6 silly lifecycle an-outlandish-mean-app@1.0.0~pretest: no script for pretest, continuing
7 info lifecycle an-outlandish-mean-app@1.0.0~test: an-outlandish-mean-app@1.0.0
8 verbose lifecycle an-outlandish-mean-app@1.0.0~test: unsafe-perm in lifecycle true
9 verbose lifecycle an-outlandish-mean-app@1.0.0~test: PATH: /usr/local/lib/node_modules/npm/bin/node-gyp-bin:/Users/gunnarbirnir/Documents/reference-tictactoe/node_modules/.bin:/Users/gunnarbirnir/.sdkman/candidates/gradle/current/bin:/Library/Frameworks/Python.framework/Versions/3.5/bin:/Users/gunnarbirnir/bin:/usr/local/bin:/usr/bin:/bin:/usr/sbin:/sbin:/Library/TeX/texbin
10 verbose lifecycle an-outlandish-mean-app@1.0.0~test: CWD: /Users/gunnarbirnir/Documents/reference-tictactoe
11 silly lifecycle an-outlandish-mean-app@1.0.0~test: Args: [ '-c',
11 silly lifecycle   'export NODE_PATH=. && node ./node_modules/.bin/jasmine JASMINE_CONFIG_PATH=./jasmine.json' ]
12 silly lifecycle an-outlandish-mean-app@1.0.0~test: Returned: code: 1  signal: null
13 info lifecycle an-outlandish-mean-app@1.0.0~test: Failed to exec test script
14 verbose stack Error: an-outlandish-mean-app@1.0.0 test: `export NODE_PATH=. && node ./node_modules/.bin/jasmine JASMINE_CONFIG_PATH=./jasmine.json`
14 verbose stack Exit status 1
14 verbose stack     at EventEmitter.<anonymous> (/usr/local/lib/node_modules/npm/lib/utils/lifecycle.js:279:16)
14 verbose stack     at emitTwo (events.js:106:13)
14 verbose stack     at EventEmitter.emit (events.js:191:7)
14 verbose stack     at ChildProcess.<anonymous> (/usr/local/lib/node_modules/npm/lib/utils/spawn.js:40:14)
14 verbose stack     at emitTwo (events.js:106:13)
14 verbose stack     at ChildProcess.emit (events.js:191:7)
14 verbose stack     at maybeClose (internal/child_process.js:877:16)
14 verbose stack     at Process.ChildProcess._handle.onexit (internal/child_process.js:226:5)
15 verbose pkgid an-outlandish-mean-app@1.0.0
16 verbose cwd /Users/gunnarbirnir/Documents/reference-tictactoe
17 error Darwin 16.1.0
18 error argv "/usr/local/bin/node" "/usr/local/bin/npm" "run" "test"
19 error node v6.9.1
20 error npm  v4.0.2
21 error code ELIFECYCLE
22 error an-outlandish-mean-app@1.0.0 test: `export NODE_PATH=. && node ./node_modules/.bin/jasmine JASMINE_CONFIG_PATH=./jasmine.json`
22 error Exit status 1
23 error Failed at the an-outlandish-mean-app@1.0.0 test script 'export NODE_PATH=. && node ./node_modules/.bin/jasmine JASMINE_CONFIG_PATH=./jasmine.json'.
23 error Make sure you have the latest version of node.js and npm installed.
23 error If you do, this is most likely a problem with the an-outlandish-mean-app package,
23 error not with npm itself.
23 error Tell the author that this fails on your system:
23 error     export NODE_PATH=. && node ./node_modules/.bin/jasmine JASMINE_CONFIG_PATH=./jasmine.json
23 error You can get information on how to open an issue for this project with:
23 error     npm bugs an-outlandish-mean-app
23 error Or if that isn't available, you can get their info via:
23 error     npm owner ls an-outlandish-mean-app
23 error There is likely additional logging output above.
24 verbose exit [ 1, true ]
